<?xml version="1.0" encoding="UTF-8"?>
<!-- Generated by org.testng.reporters.JUnitReportReporter -->
<testsuite hostname="Exinent-PC" name="XSLT_Reportpack.XSLTreport" tests="1" failures="0" timestamp="10 Mar 2017 10:29:23 GMT" time="0.010" errors="0">
  <testcase name="f" time="0.010" classname="XSLT_Reportpack.XSLTreport"/>
</testsuite> <!-- XSLT_Reportpack.XSLTreport -->
