<?xml version="1.0" encoding="UTF-8"?>
<!-- Generated by org.testng.reporters.JUnitReportReporter -->
<testsuite hostname="Exinent-PC" name="testNg.newprogram" tests="1" failures="0" timestamp="19 Jun 2017 09:48:00 GMT" time="0.025" errors="0">
  <testcase name="VerifyTitle" time="0.025" classname="testNg.newprogram"/>
</testsuite> <!-- testNg.newprogram -->
