<?xml version="1.0" encoding="UTF-8"?>
<!-- Generated by org.testng.reporters.JUnitReportReporter -->
<testsuite hostname="Exinent-PC" name="multiusermigration.CFlogin" tests="1" failures="0" timestamp="29 Jul 2017 14:49:06 GMT" time="24.530" errors="0">
  <testcase name="loginCF" time="24.530" classname="multiusermigration.CFlogin"/>
</testsuite> <!-- multiusermigration.CFlogin -->
