<?xml version="1.0" encoding="UTF-8"?>
<!-- Generated by org.testng.reporters.JUnitReportReporter -->
<testsuite hostname="Exinent-PC" name="multiusermigration.Multicloudadding" tests="2" failures="0" timestamp="6 Aug 2017 13:01:42 GMT" time="101.274" errors="0">
  <testcase name="Gsuiteadd" time="77.325" classname="multiusermigration.Multicloudadding"/>
  <testcase name="bfbaadd" time="23.949" classname="multiusermigration.Multicloudadding"/>
</testsuite> <!-- multiusermigration.Multicloudadding -->
