<?xml version="1.0" encoding="UTF-8"?>
<!-- Generated by org.testng.reporters.JUnitReportReporter -->
<testsuite hostname="Exinent-PC" name="CF.cf123.boxopernts" tests="1" failures="0" timestamp="16 Aug 2017 22:54:28 GMT" time="51.719" errors="0">
  <testcase name="boxadd" time="51.719" classname="CF.cf123.boxopernts"/>
</testsuite> <!-- CF.cf123.boxopernts -->
