<?xml version="1.0" encoding="UTF-8"?>
<!-- Generated by org.testng.reporters.JUnitReportReporter -->
<testsuite hostname="Exinent-PC" name="magento.MoonAudio.homesearch" tests="1" failures="0" timestamp="23 Jul 2017 16:48:33 GMT" time="9.652" errors="0">
  <testcase name="homepagesearch" time="9.652" classname="magento.MoonAudio.homesearch"/>
</testsuite> <!-- magento.MoonAudio.homesearch -->
