<?xml version="1.0" encoding="UTF-8"?>
<!-- Generated by org.testng.reporters.JUnitReportReporter -->
<testsuite hostname="Exinent-PC" name="magento.MoonAudio.homepage" tests="1" failures="0" timestamp="23 Jul 2017 14:27:02 GMT" time="15.399" errors="0">
  <testcase name="basepagehome" time="15.399" classname="magento.MoonAudio.homepage"/>
</testsuite> <!-- magento.MoonAudio.homepage -->
