<?xml version="1.0" encoding="UTF-8"?>
<!-- Generated by org.testng.reporters.JUnitReportReporter -->
<testsuite name="Login.Cloudfuze.Login" tests="1" time="7.645" ignored="0" failures="0" timestamp="08 Apr 2017 08:57:16 GMT" skipped="0" hostname="Exinent-PC" errors="0">
  <testcase name="LogIn" time="7.645" classname="Login.Cloudfuze.Login"/>
</testsuite> <!-- Login.Cloudfuze.Login -->
